<?xml version="1.0" encoding="UTF-8"?>
<!-- Generated by org.testng.reporters.JUnitReportReporter -->
<testsuite hostname="DESKTOP-3824BQ8" failures="0" tests="1" name="testrun.LoginRun" time="0.289" errors="0" timestamp="2023-07-06T16:33:37 IST" skipped="0">
  <testcase classname="testrun.LoginRun" name="runScenario" time="0.289"/>
  <system-out/>
</testsuite> <!-- testrun.LoginRun -->
